To github.com:kkchan2311/surge-rules.git
 ! [rejected]        main -> main (fetch first)
error: failed to push some refs to 'github.com:kkchan2311/surge-rules.git'
hint: Updates were rejected because the remote contains work that you do
hint: not have locally. This is usually caused by another repository pushing
hint: to the same ref. You may want to first integrate the remote changes
hint: (e.g., 'git pull ...') before pushing again.
hint: See the 'Note about fast-forwards' in 'git push --help' for details.
Warning: Permanently added the ECDSA host key for IP address '140.82.114.4' to the list of known hosts.
To github.com:kkchan2311/surge-rules.git
 ! [rejected]        main -> main (fetch first)
error: failed to push some refs to 'github.com:kkchan2311/surge-rules.git'
hint: Updates were rejected because the remote contains work that you do
hint: not have locally. This is usually caused by another repository pushing
hint: to the same ref. You may want to first integrate the remote changes
hint: (e.g., 'git pull ...') before pushing again.
hint: See the 'Note about fast-forwards' in 'git push --help' for details.
To github.com:kkchan2311/surge-rules.git
   939e118..0c33a32  main -> main
To github.com:kkchan2311/surge-rules.git
   614deb3..6879963  main -> main
To github.com:kkchan2311/surge-rules.git
   34c71fd..e635bdf  main -> main
To github.com:kkchan2311/surge-rules.git
   f38faae..b79fe84  main -> main
To github.com:kkchan2311/surge-rules.git
   8a6e48a..a7fea68  main -> main
To github.com:kkchan2311/surge-rules.git
   a7fea68..a8d7dac  main -> main
To github.com:kkchan2311/surge-rules.git
   a8d7dac..3a01d32  main -> main
To github.com:kkchan2311/surge-rules.git
   3a01d32..aa08cd0  main -> main
To github.com:kkchan2311/surge-rules.git
   0dd23df..a650a65  main -> main
To github.com:kkchan2311/surge-rules.git
   a650a65..47b9bcc  main -> main
